<?xml version="1.0" encoding="UTF-8"?>
<testsuite name="com.kodilla.testing.shape.ShapeCollectorTestSuite" tests="4" skipped="0" failures="0" errors="0" timestamp="2017-11-05T22:14:27" hostname="Karols-MacBook-Pro.local" time="0.005">
  <properties/>
  <testcase name="testShowFigures" classname="com.kodilla.testing.shape.ShapeCollectorTestSuite" time="0.003"/>
  <testcase name="testRemoveFigure" classname="com.kodilla.testing.shape.ShapeCollectorTestSuite" time="0.0"/>
  <testcase name="testAddFigure" classname="com.kodilla.testing.shape.ShapeCollectorTestSuite" time="0.001"/>
  <testcase name="testGetFigure" classname="com.kodilla.testing.shape.ShapeCollectorTestSuite" time="0.0"/>
  <system-out><![CDATA[ShapeCollector Test Suite start!
Test nr 1 started!
Test nr 1 ended!
Test nr 2 started!
Test nr 2 ended!
Test nr 3 started!
Test nr 3 ended!
Test nr 4 started!
Test nr 4 ended!
ShapeCollector Test Suite end!
]]></system-out>
  <system-err><![CDATA[]]></system-err>
</testsuite>
